{"/Users/abalgabekov/Documents/my_projects/myratingflims_mern/backend/server.ts": {"path":"/Users/abalgabekov/Documents/my_projects/myratingflims_mern/backend/server.ts","statementMap":{"0":{"start":{"line":1,"column":0},"end":{"line":1,"column":47}},"1":{"start":{"line":2,"column":0},"end":{"line":2,"column":28}},"2":{"start":{"line":3,"column":0},"end":{"line":3,"column":32}},"3":{"start":{"line":4,"column":19},"end":{"line":4,"column":50}},"4":{"start":{"line":6,"column":0},"end":{"line":6,"column":16}},"5":{"start":{"line":8,"column":25},"end":{"line":8,"column":34}},"6":{"start":{"line":9,"column":33},"end":{"line":9,"column":49}},"7":{"start":{"line":11,"column":0},"end":{"line":11,"column":24}},"8":{"start":{"line":13,"column":0},"end":{"line":13,"column":35}},"9":{"start":{"line":15,"column":0},"end":{"line":15,"column":34}},"10":{"start":{"line":16,"column":0},"end":{"line":29,"column":5}},"11":{"start":{"line":19,"column":4},"end":{"line":23,"column":null}},"12":{"start":{"line":20,"column":6},"end":{"line":22,"column":9}},"13":{"start":{"line":21,"column":8},"end":{"line":21,"column":44}},"14":{"start":{"line":26,"column":4},"end":{"line":28,"column":null}},"15":{"start":{"line":27,"column":6},"end":{"line":27,"column":53}},"16":{"start":{"line":31,"column":0},"end":{"line":31,"column":21}}},"fnMap":{"0":{"name":"(anonymous_1)","decl":{"start":{"line":18,"column":8},"end":{"line":18,"column":11}},"loc":{"start":{"line":18,"column":13},"end":{"line":24,"column":3}}},"1":{"name":"(anonymous_2)","decl":{"start":{"line":20,"column":23},"end":{"line":20,"column":32}},"loc":{"start":{"line":20,"column":34},"end":{"line":22,"column":7}}},"2":{"name":"(anonymous_3)","decl":{"start":{"line":25,"column":9},"end":{"line":25,"column":10}},"loc":{"start":{"line":25,"column":17},"end":{"line":29,"column":3}}}},"branchMap":{"0":{"loc":{"start":{"line":19,"column":4},"end":{"line":23,"column":null}},"type":"if","locations":[{"start":{"line":19,"column":4},"end":{"line":23,"column":null}}]},"1":{"loc":{"start":{"line":26,"column":4},"end":{"line":28,"column":null}},"type":"if","locations":[{"start":{"line":26,"column":4},"end":{"line":28,"column":null}}]}},"s":{"0":2,"1":2,"2":2,"3":2,"4":2,"5":2,"6":2,"7":2,"8":2,"9":2,"10":2,"11":2,"12":0,"13":0,"14":0,"15":0,"16":2},"f":{"0":2,"1":0,"2":0},"b":{"0":[0],"1":[0]}}
,"/Users/abalgabekov/Documents/my_projects/myratingflims_mern/backend/__tests__/setuptestdb.ts": {"path":"/Users/abalgabekov/Documents/my_projects/myratingflims_mern/backend/__tests__/setuptestdb.ts","statementMap":{"0":{"start":{"line":1,"column":17},"end":{"line":1,"column":36}},"1":{"start":{"line":2,"column":30},"end":{"line":2,"column":62}},"2":{"start":{"line":4,"column":61},"end":{"line":4,"column":65}},"3":{"start":{"line":5,"column":18},"end":{"line":12,"column":2}},"4":{"start":{"line":5,"column":29},"end":{"line":12,"column":2}},"5":{"start":{"line":6,"column":2},"end":{"line":6,"column":43}},"6":{"start":{"line":7,"column":14},"end":{"line":7,"column":29}},"7":{"start":{"line":8,"column":2},"end":{"line":11,"column":5}},"8":{"start":{"line":14,"column":15},"end":{"line":20,"column":2}},"9":{"start":{"line":14,"column":26},"end":{"line":20,"column":2}},"10":{"start":{"line":15,"column":2},"end":{"line":19,"column":null}},"11":{"start":{"line":16,"column":4},"end":{"line":16,"column":45}},"12":{"start":{"line":17,"column":4},"end":{"line":17,"column":38}},"13":{"start":{"line":18,"column":4},"end":{"line":18,"column":23}},"14":{"start":{"line":22,"column":24},"end":{"line":29,"column":2}},"15":{"start":{"line":22,"column":35},"end":{"line":29,"column":2}},"16":{"start":{"line":23,"column":2},"end":{"line":28,"column":null}},"17":{"start":{"line":24,"column":24},"end":{"line":24,"column":66}},"18":{"start":{"line":25,"column":4},"end":{"line":27,"column":null}},"19":{"start":{"line":26,"column":6},"end":{"line":26,"column":36}},"20":{"start":{"line":31,"column":0},"end":{"line":31,"column":56}}},"fnMap":{"0":{"name":"(anonymous_7)","decl":{"start":{"line":5,"column":18},"end":{"line":5,"column":27}},"loc":{"start":{"line":5,"column":29},"end":{"line":12,"column":2}}},"1":{"name":"(anonymous_8)","decl":{"start":{"line":5,"column":29},"end":{"line":5,"column":null}},"loc":{"start":{"line":5,"column":29},"end":{"line":12,"column":1}}},"2":{"name":"(anonymous_9)","decl":{"start":{"line":14,"column":15},"end":{"line":14,"column":24}},"loc":{"start":{"line":14,"column":26},"end":{"line":20,"column":2}}},"3":{"name":"(anonymous_10)","decl":{"start":{"line":14,"column":26},"end":{"line":14,"column":null}},"loc":{"start":{"line":14,"column":26},"end":{"line":20,"column":1}}},"4":{"name":"(anonymous_11)","decl":{"start":{"line":22,"column":24},"end":{"line":22,"column":33}},"loc":{"start":{"line":22,"column":35},"end":{"line":29,"column":2}}},"5":{"name":"(anonymous_12)","decl":{"start":{"line":22,"column":35},"end":{"line":22,"column":null}},"loc":{"start":{"line":22,"column":35},"end":{"line":29,"column":1}}}},"branchMap":{"0":{"loc":{"start":{"line":15,"column":2},"end":{"line":19,"column":null}},"type":"if","locations":[{"start":{"line":15,"column":2},"end":{"line":19,"column":null}}]},"1":{"loc":{"start":{"line":23,"column":2},"end":{"line":28,"column":null}},"type":"if","locations":[{"start":{"line":23,"column":2},"end":{"line":28,"column":null}}]}},"s":{"0":1,"1":1,"2":1,"3":1,"4":1,"5":1,"6":1,"7":1,"8":1,"9":1,"10":1,"11":1,"12":1,"13":1,"14":1,"15":1,"16":1,"17":1,"18":1,"19":1,"20":1},"f":{"0":1,"1":1,"2":1,"3":1,"4":1,"5":1},"b":{"0":[1],"1":[1]}}
,"/Users/abalgabekov/Documents/my_projects/myratingflims_mern/backend/controllers/movieController.ts": {"path":"/Users/abalgabekov/Documents/my_projects/myratingflims_mern/backend/controllers/movieController.ts","statementMap":{"0":{"start":{"line":2,"column":0},"end":{"line":2,"column":32}},"1":{"start":{"line":5,"column":14},"end":{"line":5,"column":45}},"2":{"start":{"line":8,"column":18},"end":{"line":12,"column":2}},"3":{"start":{"line":8,"column":56},"end":{"line":12,"column":2}},"4":{"start":{"line":9,"column":27},"end":{"line":9,"column":71}},"5":{"start":{"line":11,"column":2},"end":{"line":11,"column":31}},"6":{"start":{"line":15,"column":17},"end":{"line":29,"column":2}},"7":{"start":{"line":15,"column":55},"end":{"line":29,"column":2}},"8":{"start":{"line":16,"column":17},"end":{"line":16,"column":27}},"9":{"start":{"line":18,"column":2},"end":{"line":20,"column":null}},"10":{"start":{"line":19,"column":4},"end":{"line":19,"column":61}},"11":{"start":{"line":22,"column":24},"end":{"line":22,"column":48}},"12":{"start":{"line":24,"column":2},"end":{"line":26,"column":null}},"13":{"start":{"line":25,"column":4},"end":{"line":25,"column":61}},"14":{"start":{"line":28,"column":2},"end":{"line":28,"column":30}},"15":{"start":{"line":32,"column":20},"end":{"line":70,"column":2}},"16":{"start":{"line":32,"column":58},"end":{"line":70,"column":2}},"17":{"start":{"line":33,"column":51},"end":{"line":33,"column":59}},"18":{"start":{"line":35,"column":32},"end":{"line":35,"column":34}},"19":{"start":{"line":37,"column":2},"end":{"line":39,"column":null}},"20":{"start":{"line":38,"column":4},"end":{"line":38,"column":30}},"21":{"start":{"line":40,"column":2},"end":{"line":42,"column":null}},"22":{"start":{"line":41,"column":4},"end":{"line":41,"column":32}},"23":{"start":{"line":43,"column":2},"end":{"line":45,"column":null}},"24":{"start":{"line":44,"column":4},"end":{"line":44,"column":29}},"25":{"start":{"line":46,"column":2},"end":{"line":48,"column":null}},"26":{"start":{"line":47,"column":4},"end":{"line":47,"column":31}},"27":{"start":{"line":49,"column":2},"end":{"line":51,"column":null}},"28":{"start":{"line":50,"column":4},"end":{"line":50,"column":31}},"29":{"start":{"line":52,"column":2},"end":{"line":56,"column":null}},"30":{"start":{"line":53,"column":4},"end":{"line":55,"column":69}},"31":{"start":{"line":58,"column":2},"end":{"line":69,"column":null}},"32":{"start":{"line":59,"column":26},"end":{"line":65,"column":6}},"33":{"start":{"line":66,"column":4},"end":{"line":66,"column":32}},"34":{"start":{"line":68,"column":4},"end":{"line":68,"column":62}},"35":{"start":{"line":73,"column":20},"end":{"line":87,"column":2}},"36":{"start":{"line":73,"column":58},"end":{"line":87,"column":2}},"37":{"start":{"line":74,"column":17},"end":{"line":74,"column":27}},"38":{"start":{"line":76,"column":2},"end":{"line":78,"column":null}},"39":{"start":{"line":77,"column":4},"end":{"line":77,"column":54}},"40":{"start":{"line":80,"column":24},"end":{"line":80,"column":57}},"41":{"start":{"line":82,"column":2},"end":{"line":84,"column":null}},"42":{"start":{"line":83,"column":4},"end":{"line":83,"column":54}},"43":{"start":{"line":86,"column":2},"end":{"line":86,"column":30}},"44":{"start":{"line":90,"column":20},"end":{"line":106,"column":2}},"45":{"start":{"line":90,"column":58},"end":{"line":106,"column":2}},"46":{"start":{"line":91,"column":17},"end":{"line":91,"column":27}},"47":{"start":{"line":93,"column":2},"end":{"line":95,"column":null}},"48":{"start":{"line":94,"column":4},"end":{"line":94,"column":54}},"49":{"start":{"line":97,"column":24},"end":{"line":98,"column":null}},"50":{"start":{"line":101,"column":2},"end":{"line":103,"column":null}},"51":{"start":{"line":102,"column":4},"end":{"line":102,"column":43}},"52":{"start":{"line":105,"column":2},"end":{"line":105,"column":30}},"53":{"start":{"line":108,"column":0},"end":{"line":114,"column":2}}},"fnMap":{"0":{"name":"(anonymous_8)","decl":{"start":{"line":8,"column":18},"end":{"line":8,"column":25}},"loc":{"start":{"line":8,"column":56},"end":{"line":12,"column":2}}},"1":{"name":"(anonymous_9)","decl":{"start":{"line":8,"column":56},"end":{"line":8,"column":null}},"loc":{"start":{"line":8,"column":56},"end":{"line":12,"column":1}}},"2":{"name":"(anonymous_10)","decl":{"start":{"line":15,"column":17},"end":{"line":15,"column":24}},"loc":{"start":{"line":15,"column":55},"end":{"line":29,"column":2}}},"3":{"name":"(anonymous_11)","decl":{"start":{"line":15,"column":55},"end":{"line":15,"column":null}},"loc":{"start":{"line":15,"column":55},"end":{"line":29,"column":1}}},"4":{"name":"(anonymous_12)","decl":{"start":{"line":32,"column":20},"end":{"line":32,"column":27}},"loc":{"start":{"line":32,"column":58},"end":{"line":70,"column":2}}},"5":{"name":"(anonymous_13)","decl":{"start":{"line":32,"column":58},"end":{"line":32,"column":null}},"loc":{"start":{"line":32,"column":58},"end":{"line":70,"column":1}}},"6":{"name":"(anonymous_14)","decl":{"start":{"line":73,"column":20},"end":{"line":73,"column":27}},"loc":{"start":{"line":73,"column":58},"end":{"line":87,"column":2}}},"7":{"name":"(anonymous_15)","decl":{"start":{"line":73,"column":58},"end":{"line":73,"column":null}},"loc":{"start":{"line":73,"column":58},"end":{"line":87,"column":1}}},"8":{"name":"(anonymous_16)","decl":{"start":{"line":90,"column":20},"end":{"line":90,"column":27}},"loc":{"start":{"line":90,"column":58},"end":{"line":106,"column":2}}},"9":{"name":"(anonymous_17)","decl":{"start":{"line":90,"column":58},"end":{"line":90,"column":null}},"loc":{"start":{"line":90,"column":58},"end":{"line":106,"column":1}}}},"branchMap":{"0":{"loc":{"start":{"line":18,"column":2},"end":{"line":20,"column":null}},"type":"if","locations":[{"start":{"line":18,"column":2},"end":{"line":20,"column":null}}]},"1":{"loc":{"start":{"line":24,"column":2},"end":{"line":26,"column":null}},"type":"if","locations":[{"start":{"line":24,"column":2},"end":{"line":26,"column":null}}]},"2":{"loc":{"start":{"line":37,"column":2},"end":{"line":39,"column":null}},"type":"if","locations":[{"start":{"line":37,"column":2},"end":{"line":39,"column":null}}]},"3":{"loc":{"start":{"line":40,"column":2},"end":{"line":42,"column":null}},"type":"if","locations":[{"start":{"line":40,"column":2},"end":{"line":42,"column":null}}]},"4":{"loc":{"start":{"line":43,"column":2},"end":{"line":45,"column":null}},"type":"if","locations":[{"start":{"line":43,"column":2},"end":{"line":45,"column":null}}]},"5":{"loc":{"start":{"line":46,"column":2},"end":{"line":48,"column":null}},"type":"if","locations":[{"start":{"line":46,"column":2},"end":{"line":48,"column":null}}]},"6":{"loc":{"start":{"line":49,"column":2},"end":{"line":51,"column":null}},"type":"if","locations":[{"start":{"line":49,"column":2},"end":{"line":51,"column":null}}]},"7":{"loc":{"start":{"line":52,"column":2},"end":{"line":56,"column":null}},"type":"if","locations":[{"start":{"line":52,"column":2},"end":{"line":56,"column":null}}]},"8":{"loc":{"start":{"line":76,"column":2},"end":{"line":78,"column":null}},"type":"if","locations":[{"start":{"line":76,"column":2},"end":{"line":78,"column":null}}]},"9":{"loc":{"start":{"line":82,"column":2},"end":{"line":84,"column":null}},"type":"if","locations":[{"start":{"line":82,"column":2},"end":{"line":84,"column":null}}]},"10":{"loc":{"start":{"line":93,"column":2},"end":{"line":95,"column":null}},"type":"if","locations":[{"start":{"line":93,"column":2},"end":{"line":95,"column":null}}]},"11":{"loc":{"start":{"line":101,"column":2},"end":{"line":103,"column":null}},"type":"if","locations":[{"start":{"line":101,"column":2},"end":{"line":103,"column":null}}]}},"s":{"0":2,"1":2,"2":2,"3":2,"4":2,"5":2,"6":2,"7":1,"8":1,"9":1,"10":0,"11":1,"12":1,"13":0,"14":1,"15":2,"16":1,"17":1,"18":1,"19":1,"20":0,"21":1,"22":0,"23":1,"24":0,"25":1,"26":0,"27":1,"28":0,"29":1,"30":0,"31":1,"32":1,"33":1,"34":0,"35":2,"36":1,"37":1,"38":1,"39":0,"40":1,"41":1,"42":0,"43":1,"44":2,"45":1,"46":1,"47":1,"48":0,"49":1,"50":1,"51":0,"52":1,"53":2},"f":{"0":2,"1":2,"2":1,"3":1,"4":1,"5":1,"6":1,"7":1,"8":1,"9":1},"b":{"0":[0],"1":[0],"2":[0],"3":[0],"4":[0],"5":[0],"6":[0],"7":[0],"8":[0],"9":[0],"10":[0],"11":[0]}}
,"/Users/abalgabekov/Documents/my_projects/myratingflims_mern/backend/models/movieModel.ts": {"path":"/Users/abalgabekov/Documents/my_projects/myratingflims_mern/backend/models/movieModel.ts","statementMap":{"0":{"start":{"line":1,"column":0},"end":{"line":1,"column":32}},"1":{"start":{"line":4,"column":15},"end":{"line":4,"column":30}},"2":{"start":{"line":6,"column":20},"end":{"line":29,"column":null}},"3":{"start":{"line":32,"column":0},"end":{"line":32,"column":62}}},"fnMap":{},"branchMap":{},"s":{"0":3,"1":3,"2":3,"3":3},"f":{},"b":{}}
,"/Users/abalgabekov/Documents/my_projects/myratingflims_mern/backend/routes/movieRoutes.ts": {"path":"/Users/abalgabekov/Documents/my_projects/myratingflims_mern/backend/routes/movieRoutes.ts","statementMap":{"0":{"start":{"line":1,"column":0},"end":{"line":1,"column":30}},"1":{"start":{"line":8,"column":4},"end":{"line":8,"column":45}},"2":{"start":{"line":10,"column":15},"end":{"line":10,"column":31}},"3":{"start":{"line":13,"column":0},"end":{"line":13,"column":27}},"4":{"start":{"line":16,"column":0},"end":{"line":16,"column":29}},"5":{"start":{"line":19,"column":0},"end":{"line":19,"column":30}},"6":{"start":{"line":22,"column":0},"end":{"line":22,"column":35}},"7":{"start":{"line":25,"column":0},"end":{"line":25,"column":34}},"8":{"start":{"line":27,"column":0},"end":{"line":27,"column":24}}},"fnMap":{},"branchMap":{},"s":{"0":2,"1":2,"2":2,"3":2,"4":2,"5":2,"6":2,"7":2,"8":2},"f":{},"b":{}}
}
