TN:
SF:server.ts
FN:18,(anonymous_1)
FN:20,(anonymous_2)
FN:25,(anonymous_3)
FNF:3
FNH:1
FNDA:2,(anonymous_1)
FNDA:0,(anonymous_2)
FNDA:0,(anonymous_3)
DA:1,2
DA:2,2
DA:3,2
DA:4,2
DA:6,2
DA:8,2
DA:9,2
DA:11,2
DA:13,2
DA:15,2
DA:16,2
DA:19,2
DA:20,0
DA:21,0
DA:26,0
DA:27,0
DA:31,2
LF:17
LH:13
BRDA:19,0,0,0
BRDA:26,1,0,0
BRF:2
BRH:0
end_of_record
TN:
SF:__tests__/setuptestdb.ts
FN:5,(anonymous_7)
FN:5,(anonymous_8)
FN:14,(anonymous_9)
FN:14,(anonymous_10)
FN:22,(anonymous_11)
FN:22,(anonymous_12)
FNF:6
FNH:6
FNDA:1,(anonymous_7)
FNDA:1,(anonymous_8)
FNDA:1,(anonymous_9)
FNDA:1,(anonymous_10)
FNDA:1,(anonymous_11)
FNDA:1,(anonymous_12)
DA:1,1
DA:2,1
DA:4,1
DA:5,1
DA:6,1
DA:7,1
DA:8,1
DA:14,1
DA:15,1
DA:16,1
DA:17,1
DA:18,1
DA:22,1
DA:23,1
DA:24,1
DA:25,1
DA:26,1
DA:31,1
LF:18
LH:18
BRDA:15,0,0,1
BRDA:23,1,0,1
BRF:2
BRH:2
end_of_record
TN:
SF:controllers/movieController.ts
FN:8,(anonymous_8)
FN:8,(anonymous_9)
FN:15,(anonymous_10)
FN:15,(anonymous_11)
FN:32,(anonymous_12)
FN:32,(anonymous_13)
FN:73,(anonymous_14)
FN:73,(anonymous_15)
FN:90,(anonymous_16)
FN:90,(anonymous_17)
FNF:10
FNH:10
FNDA:2,(anonymous_8)
FNDA:2,(anonymous_9)
FNDA:1,(anonymous_10)
FNDA:1,(anonymous_11)
FNDA:1,(anonymous_12)
FNDA:1,(anonymous_13)
FNDA:1,(anonymous_14)
FNDA:1,(anonymous_15)
FNDA:1,(anonymous_16)
FNDA:1,(anonymous_17)
DA:2,2
DA:5,2
DA:8,2
DA:9,2
DA:11,2
DA:15,2
DA:16,1
DA:18,1
DA:19,0
DA:22,1
DA:24,1
DA:25,0
DA:28,1
DA:32,2
DA:33,1
DA:35,1
DA:37,1
DA:38,0
DA:40,1
DA:41,0
DA:43,1
DA:44,0
DA:46,1
DA:47,0
DA:49,1
DA:50,0
DA:52,1
DA:53,0
DA:58,1
DA:59,1
DA:66,1
DA:68,0
DA:73,2
DA:74,1
DA:76,1
DA:77,0
DA:80,1
DA:82,1
DA:83,0
DA:86,1
DA:90,2
DA:91,1
DA:93,1
DA:94,0
DA:97,1
DA:101,1
DA:102,0
DA:105,1
DA:108,2
LF:49
LH:36
BRDA:18,0,0,0
BRDA:24,1,0,0
BRDA:37,2,0,0
BRDA:40,3,0,0
BRDA:43,4,0,0
BRDA:46,5,0,0
BRDA:49,6,0,0
BRDA:52,7,0,0
BRDA:76,8,0,0
BRDA:82,9,0,0
BRDA:93,10,0,0
BRDA:101,11,0,0
BRF:12
BRH:0
end_of_record
TN:
SF:models/movieModel.ts
FNF:0
FNH:0
DA:1,3
DA:4,3
DA:6,3
DA:32,3
LF:4
LH:4
BRF:0
BRH:0
end_of_record
TN:
SF:routes/movieRoutes.ts
FNF:0
FNH:0
DA:1,2
DA:8,2
DA:10,2
DA:13,2
DA:16,2
DA:19,2
DA:22,2
DA:25,2
DA:27,2
LF:9
LH:9
BRF:0
BRH:0
end_of_record
